2017-08-25 15:21:06,260 [myid:] - INFO  [main:QuorumPeerConfig@134] - Reading configuration from: /mnt/c/Users/Mohammad Yazdani/IdeaProjects/sentinel/zookeeper/bin/../conf/zoo.cfg
2017-08-25 15:21:16,443 [myid:] - WARN  [main:QuorumPeer$QuorumServer@173] - Failed to resolve address: zoo2
java.net.UnknownHostException: zoo2: Name or service not known
	at java.base/java.net.Inet6AddressImpl.lookupAllHostAddr(Native Method)
	at java.base/java.net.InetAddress$PlatformNameService.lookupAllHostAddr(InetAddress.java:924)
	at java.base/java.net.InetAddress.getAddressesFromNameService(InetAddress.java:1504)
	at java.base/java.net.InetAddress$NameServiceAddresses.get(InetAddress.java:843)
	at java.base/java.net.InetAddress.getAllByName0(InetAddress.java:1494)
	at java.base/java.net.InetAddress.getAllByName(InetAddress.java:1353)
	at java.base/java.net.InetAddress.getAllByName(InetAddress.java:1287)
	at java.base/java.net.InetAddress.getByName(InetAddress.java:1237)
	at org.apache.zookeeper.server.quorum.QuorumPeer$QuorumServer.recreateSocketAddresses(QuorumPeer.java:166)
	at org.apache.zookeeper.server.quorum.QuorumPeer$QuorumServer.<init>(QuorumPeer.java:151)
	at org.apache.zookeeper.server.quorum.QuorumPeerConfig.parseProperties(QuorumPeerConfig.java:238)
	at org.apache.zookeeper.server.quorum.QuorumPeerConfig.parse(QuorumPeerConfig.java:150)
	at org.apache.zookeeper.server.quorum.QuorumPeerMain.initializeAndRun(QuorumPeerMain.java:101)
	at org.apache.zookeeper.server.quorum.QuorumPeerMain.main(QuorumPeerMain.java:78)
2017-08-25 15:21:16,662 [myid:] - WARN  [main:QuorumPeer$QuorumServer@173] - Failed to resolve address: zoo1
java.net.UnknownHostException: zoo1: Name or service not known
	at java.base/java.net.Inet6AddressImpl.lookupAllHostAddr(Native Method)
	at java.base/java.net.InetAddress$PlatformNameService.lookupAllHostAddr(InetAddress.java:924)
	at java.base/java.net.InetAddress.getAddressesFromNameService(InetAddress.java:1504)
	at java.base/java.net.InetAddress$NameServiceAddresses.get(InetAddress.java:843)
	at java.base/java.net.InetAddress.getAllByName0(InetAddress.java:1494)
	at java.base/java.net.InetAddress.getAllByName(InetAddress.java:1353)
	at java.base/java.net.InetAddress.getAllByName(InetAddress.java:1287)
	at java.base/java.net.InetAddress.getByName(InetAddress.java:1237)
	at org.apache.zookeeper.server.quorum.QuorumPeer$QuorumServer.recreateSocketAddresses(QuorumPeer.java:166)
	at org.apache.zookeeper.server.quorum.QuorumPeer$QuorumServer.<init>(QuorumPeer.java:151)
	at org.apache.zookeeper.server.quorum.QuorumPeerConfig.parseProperties(QuorumPeerConfig.java:238)
	at org.apache.zookeeper.server.quorum.QuorumPeerConfig.parse(QuorumPeerConfig.java:150)
	at org.apache.zookeeper.server.quorum.QuorumPeerMain.initializeAndRun(QuorumPeerMain.java:101)
	at org.apache.zookeeper.server.quorum.QuorumPeerMain.main(QuorumPeerMain.java:78)
2017-08-25 15:21:16,930 [myid:] - WARN  [main:QuorumPeer$QuorumServer@173] - Failed to resolve address: zoo3
java.net.UnknownHostException: zoo3: Name or service not known
	at java.base/java.net.Inet6AddressImpl.lookupAllHostAddr(Native Method)
	at java.base/java.net.InetAddress$PlatformNameService.lookupAllHostAddr(InetAddress.java:924)
	at java.base/java.net.InetAddress.getAddressesFromNameService(InetAddress.java:1504)
	at java.base/java.net.InetAddress$NameServiceAddresses.get(InetAddress.java:843)
	at java.base/java.net.InetAddress.getAllByName0(InetAddress.java:1494)
	at java.base/java.net.InetAddress.getAllByName(InetAddress.java:1353)
	at java.base/java.net.InetAddress.getAllByName(InetAddress.java:1287)
	at java.base/java.net.InetAddress.getByName(InetAddress.java:1237)
	at org.apache.zookeeper.server.quorum.QuorumPeer$QuorumServer.recreateSocketAddresses(QuorumPeer.java:166)
	at org.apache.zookeeper.server.quorum.QuorumPeer$QuorumServer.<init>(QuorumPeer.java:151)
	at org.apache.zookeeper.server.quorum.QuorumPeerConfig.parseProperties(QuorumPeerConfig.java:238)
	at org.apache.zookeeper.server.quorum.QuorumPeerConfig.parse(QuorumPeerConfig.java:150)
	at org.apache.zookeeper.server.quorum.QuorumPeerMain.initializeAndRun(QuorumPeerMain.java:101)
	at org.apache.zookeeper.server.quorum.QuorumPeerMain.main(QuorumPeerMain.java:78)
2017-08-25 15:21:16,930 [myid:] - INFO  [main:QuorumPeerConfig@396] - Defaulting to majority quorums
2017-08-25 15:21:16,951 [myid:] - ERROR [main:QuorumPeerMain@85] - Invalid config, exiting abnormally
org.apache.zookeeper.server.quorum.QuorumPeerConfig$ConfigException: Error processing /mnt/c/Users/Mohammad Yazdani/IdeaProjects/sentinel/zookeeper/bin/../conf/zoo.cfg
	at org.apache.zookeeper.server.quorum.QuorumPeerConfig.parse(QuorumPeerConfig.java:154)
	at org.apache.zookeeper.server.quorum.QuorumPeerMain.initializeAndRun(QuorumPeerMain.java:101)
	at org.apache.zookeeper.server.quorum.QuorumPeerMain.main(QuorumPeerMain.java:78)
Caused by: java.lang.IllegalArgumentException: /var/zookeeper/myid file is missing
	at org.apache.zookeeper.server.quorum.QuorumPeerConfig.parseProperties(QuorumPeerConfig.java:406)
	at org.apache.zookeeper.server.quorum.QuorumPeerConfig.parse(QuorumPeerConfig.java:150)
	... 2 more
Invalid config, exiting abnormally
